-------------------------------------------------------------------------------
Test set: com.valhallavincent.springcloudgateway.SpringCloudGatewayApplicationTests
-------------------------------------------------------------------------------
Tests run: 1, Failures: 0, Errors: 1, Skipped: 0, Time elapsed: 0.866 s <<< FAILURE! - in com.valhallavincent.springcloudgateway.SpringCloudGatewayApplicationTests
contextLoads  Time elapsed: 0.012 s  <<< ERROR!
java.lang.NoSuchMethodError: 'void org.springframework.boot.builder.SpringApplicationBuilder.<init>(java.lang.Object[])'

